<?xml version="1.0" encoding="UTF-8"?>
<!-- Generated by org.testng.reporters.JUnitReportReporter -->
<testsuite skipped="0" hostname="DESKTOP-ICSBMB7" name="com.learning.testcases.extentReports.TC_ExtentReports_Tutor" tests="1" failures="0" timestamp="2021-02-08T19:48:29 IST" time="18.116" errors="0">
  <testcase name="initialDemo" time="18.116" classname="com.learning.testcases.extentReports.TC_ExtentReports_Tutor"/>
  <system-out/>
</testsuite> <!-- com.learning.testcases.extentReports.TC_ExtentReports_Tutor -->
